<?xml version="1.0" encoding="utf-8"?><testsuites name="pytest tests"><testsuite name="pytest" errors="0" failures="0" skipped="0" tests="21" time="6.443" timestamp="2026-01-11T09:46:51.171263+00:00" hostname="agent-env-6508e59f-88f3-4cf9-820d-dbf3916f31c5"><testcase classname="tests.test_admin_features.TestAdminAuth" name="test_admin_login_success" time="0.279" /><testcase classname="tests.test_admin_features.TestAdminAuth" name="test_admin_login_wrong_password" time="0.263" /><testcase classname="tests.test_admin_features.TestAdminAuth" name="test_admin_login_wrong_role" time="0.258" /><testcase classname="tests.test_admin_features.TestAdminDashboard" name="test_get_dashboard_stats" time="0.299" /><testcase classname="tests.test_admin_features.TestAdminDashboard" name="test_get_admin_alerts" time="0.294" /><testcase classname="tests.test_admin_features.TestUserManagement" name="test_get_all_users" time="0.292" /><testcase classname="tests.test_admin_features.TestUserManagement" name="test_get_users_by_role_farmer" time="0.299" /><testcase classname="tests.test_admin_features.TestUserManagement" name="test_get_users_by_role_veterinarian" time="0.315" /><testcase classname="tests.test_admin_features.TestUserManagement" name="test_search_users" time="0.292" /><testcase classname="tests.test_admin_features.TestUserManagement" name="test_get_user_detail" time="0.327" /><testcase classname="tests.test_admin_features.TestUserManagement" name="test_activate_deactivate_user" time="0.360" /><testcase classname="tests.test_admin_features.TestUserManagement" name="test_lock_unlock_user" time="0.364" /><testcase classname="tests.test_admin_features.TestAuditLogs" name="test_get_audit_logs" time="0.298" /><testcase classname="tests.test_admin_features.TestAuditLogs" name="test_filter_audit_logs_by_action_type" time="0.293" /><testcase classname="tests.test_admin_features.TestAuditLogs" name="test_filter_audit_logs_by_target_type" time="0.288" /><testcase classname="tests.test_admin_features.TestSafetyRules" name="test_get_safety_rules" time="0.293" /><testcase classname="tests.test_admin_features.TestSafetyRules" name="test_create_safety_rule" time="0.305" /><testcase classname="tests.test_admin_features.TestSafetyRules" name="test_update_safety_rule" time="0.325" /><testcase classname="tests.test_admin_features.TestInstitutionManagement" name="test_get_institutions" time="0.294" /><testcase classname="tests.test_admin_features.TestInstitutionManagement" name="test_verify_institution" time="0.358" /><testcase classname="tests.test_admin_features.TestAdminStats" name="test_get_admin_stats" time="0.289" /></testsuite></testsuites>