<?xml version="1.0" encoding="utf-8"?><testsuites name="pytest tests"><testsuite name="pytest" errors="0" failures="0" skipped="0" tests="33" time="2.769" timestamp="2026-01-10T09:52:41.340496+00:00" hostname="agent-env-6508e59f-88f3-4cf9-820d-dbf3916f31c5"><testcase classname="tests.test_farmer_features.TestFarmerAuthentication" name="test_farmer_login_success" time="0.295" /><testcase classname="tests.test_farmer_features.TestFarmerAuthentication" name="test_farmer_login_invalid_password" time="0.258" /><testcase classname="tests.test_farmer_features.TestFarmerAuthentication" name="test_farmer_login_invalid_role" time="0.258" /><testcase classname="tests.test_farmer_features.TestFarmerAuthentication" name="test_get_current_user" time="0.297" /><testcase classname="tests.test_farmer_features.TestFarmerDashboard" name="test_get_farmer_stats" time="0.078" /><testcase classname="tests.test_farmer_features.TestAnimalsCRUD" name="test_create_animal" time="0.043" /><testcase classname="tests.test_farmer_features.TestAnimalsCRUD" name="test_get_all_animals" time="0.044" /><testcase classname="tests.test_farmer_features.TestAnimalsCRUD" name="test_get_animals_by_species" time="0.035" /><testcase classname="tests.test_farmer_features.TestAnimalsCRUD" name="test_create_and_get_animal" time="0.111" /><testcase classname="tests.test_farmer_features.TestAnimalsCRUD" name="test_update_animal" time="0.157" /><testcase classname="tests.test_farmer_features.TestAnimalsCRUD" name="test_delete_animal" time="0.100" /><testcase classname="tests.test_farmer_features.TestVaccinations" name="test_create_vaccination" time="0.072" /><testcase classname="tests.test_farmer_features.TestVaccinations" name="test_get_vaccinations" time="0.035" /><testcase classname="tests.test_farmer_features.TestVaccinations" name="test_get_vaccinations_by_animal" time="0.039" /><testcase classname="tests.test_farmer_features.TestDeworming" name="test_create_deworming" time="0.035" /><testcase classname="tests.test_farmer_features.TestDeworming" name="test_get_deworming_records" time="0.078" /><testcase classname="tests.test_farmer_features.TestBreeding" name="test_create_breeding_natural" time="0.064" /><testcase classname="tests.test_farmer_features.TestBreeding" name="test_create_breeding_ai" time="0.035" /><testcase classname="tests.test_farmer_features.TestBreeding" name="test_get_breeding_records" time="0.033" /><testcase classname="tests.test_farmer_features.TestUtilities" name="test_area_calculator_feet" time="0.033" /><testcase classname="tests.test_farmer_features.TestUtilities" name="test_area_calculator_meters" time="0.032" /><testcase classname="tests.test_farmer_features.TestUtilities" name="test_interest_calculator" time="0.037" /><testcase classname="tests.test_farmer_features.TestAllSpecies" name="test_create_animal_all_species[cattle-Holstein Friesian]" time="0.039" /><testcase classname="tests.test_farmer_features.TestAllSpecies" name="test_create_animal_all_species[buffalo-Murrah]" time="0.033" /><testcase classname="tests.test_farmer_features.TestAllSpecies" name="test_create_animal_all_species[sheep-Deccani]" time="0.041" /><testcase classname="tests.test_farmer_features.TestAllSpecies" name="test_create_animal_all_species[goat-Jamunapari]" time="0.037" /><testcase classname="tests.test_farmer_features.TestAllSpecies" name="test_create_animal_all_species[pig-Large White Yorkshire]" time="0.036" /><testcase classname="tests.test_farmer_features.TestAllSpecies" name="test_create_animal_all_species[poultry-Broiler]" time="0.033" /><testcase classname="tests.test_farmer_features.TestAllSpecies" name="test_create_animal_all_species[dog-German Shepherd]" time="0.035" /><testcase classname="tests.test_farmer_features.TestAllSpecies" name="test_create_animal_all_species[cat-Persian]" time="0.036" /><testcase classname="tests.test_farmer_features.TestAllSpecies" name="test_create_animal_all_species[horse-Marwari]" time="0.038" /><testcase classname="tests.test_farmer_features.TestAllSpecies" name="test_create_animal_all_species[donkey-Indian Donkey]" time="0.036" /><testcase classname="tests.test_farmer_features.TestAllSpecies" name="test_create_animal_all_species[camel-Bikaneri]" time="0.033" /></testsuite></testsuites>