<?xml version="1.0" encoding="utf-8"?><testsuites name="pytest tests"><testsuite name="pytest" errors="0" failures="0" skipped="0" tests="17" time="5.414" timestamp="2026-01-11T04:17:06.632087+00:00" hostname="agent-env-6508e59f-88f3-4cf9-820d-dbf3916f31c5"><testcase classname="tests.test_vet_features.TestVetAuth" name="test_vet_login_success" time="0.288" /><testcase classname="tests.test_vet_features.TestVetAuth" name="test_vet_login_invalid_password" time="0.272" /><testcase classname="tests.test_vet_features.TestVetAuth" name="test_vet_login_wrong_role" time="0.262" /><testcase classname="tests.test_vet_features.TestVetProfile" name="test_get_vet_profile_initial" time="0.294" /><testcase classname="tests.test_vet_features.TestVetProfile" name="test_create_vet_profile" time="0.362" /><testcase classname="tests.test_vet_features.TestVetProfile" name="test_update_vet_profile_cannot_change_registration" time="0.373" /><testcase classname="tests.test_vet_features.TestInstitution" name="test_get_institutions" time="0.301" /><testcase classname="tests.test_vet_features.TestInstitution" name="test_create_institution" time="0.320" /><testcase classname="tests.test_vet_features.TestOPDRegister" name="test_get_opd_cases_empty" time="0.299" /><testcase classname="tests.test_vet_features.TestOPDRegister" name="test_create_opd_case" time="0.350" /><testcase classname="tests.test_vet_features.TestOPDRegister" name="test_create_opd_case_zoonotic_disease" time="0.299" /><testcase classname="tests.test_vet_features.TestOPDRegister" name="test_filter_opd_by_species" time="0.297" /><testcase classname="tests.test_vet_features.TestOPDRegister" name="test_filter_opd_by_result" time="0.297" /><testcase classname="tests.test_vet_features.TestOPDRegister" name="test_get_single_opd_case" time="0.328" /><testcase classname="tests.test_vet_features.TestOPDRegister" name="test_update_opd_case" time="0.335" /><testcase classname="tests.test_vet_features.TestVetDashboardStats" name="test_get_auth_me" time="0.289" /><testcase classname="tests.test_vet_features.TestOPDCaseNumberFormat" name="test_case_number_format" time="0.316" /></testsuite></testsuites>