<?xml version="1.0" encoding="utf-8"?><testsuites name="pytest tests"><testsuite name="pytest" errors="0" failures="2" skipped="0" tests="21" time="6.856" timestamp="2026-01-11T09:44:31.064145+00:00" hostname="agent-env-6508e59f-88f3-4cf9-820d-dbf3916f31c5"><testcase classname="tests.test_admin_features.TestAdminAuth" name="test_admin_login_success" time="0.296" /><testcase classname="tests.test_admin_features.TestAdminAuth" name="test_admin_login_wrong_password" time="0.267" /><testcase classname="tests.test_admin_features.TestAdminAuth" name="test_admin_login_wrong_role" time="0.263" /><testcase classname="tests.test_admin_features.TestAdminDashboard" name="test_get_dashboard_stats" time="0.298" /><testcase classname="tests.test_admin_features.TestAdminDashboard" name="test_get_admin_alerts" time="0.335" /><testcase classname="tests.test_admin_features.TestUserManagement" name="test_get_all_users" time="0.292" /><testcase classname="tests.test_admin_features.TestUserManagement" name="test_get_users_by_role_farmer" time="0.292"><failure message="AssertionError: assert 'veterinarian' == 'farmer'&#10;  &#10;  - farmer&#10;  + veterinarian">tests/test_admin_features.py:155: in test_get_users_by_role_farmer
    assert user["role"] == "farmer"
E   AssertionError: assert 'veterinarian' == 'farmer'
E     
E     - farmer
E     + veterinarian</failure></testcase><testcase classname="tests.test_admin_features.TestUserManagement" name="test_get_users_by_role_veterinarian" time="0.297"><failure message="AssertionError: assert 'farmer' == 'veterinarian'&#10;  &#10;  - veterinarian&#10;  + farmer">tests/test_admin_features.py:166: in test_get_users_by_role_veterinarian
    assert user["role"] == "veterinarian"
E   AssertionError: assert 'farmer' == 'veterinarian'
E     
E     - veterinarian
E     + farmer</failure></testcase><testcase classname="tests.test_admin_features.TestUserManagement" name="test_search_users" time="0.290" /><testcase classname="tests.test_admin_features.TestUserManagement" name="test_get_user_detail" time="0.370" /><testcase classname="tests.test_admin_features.TestUserManagement" name="test_activate_deactivate_user" time="0.362" /><testcase classname="tests.test_admin_features.TestUserManagement" name="test_lock_unlock_user" time="0.373" /><testcase classname="tests.test_admin_features.TestAuditLogs" name="test_get_audit_logs" time="0.293" /><testcase classname="tests.test_admin_features.TestAuditLogs" name="test_filter_audit_logs_by_action_type" time="0.332" /><testcase classname="tests.test_admin_features.TestAuditLogs" name="test_filter_audit_logs_by_target_type" time="0.292" /><testcase classname="tests.test_admin_features.TestSafetyRules" name="test_get_safety_rules" time="0.342" /><testcase classname="tests.test_admin_features.TestSafetyRules" name="test_create_safety_rule" time="0.374" /><testcase classname="tests.test_admin_features.TestSafetyRules" name="test_update_safety_rule" time="0.329" /><testcase classname="tests.test_admin_features.TestInstitutionManagement" name="test_get_institutions" time="0.335" /><testcase classname="tests.test_admin_features.TestInstitutionManagement" name="test_verify_institution" time="0.360" /><testcase classname="tests.test_admin_features.TestAdminStats" name="test_get_admin_stats" time="0.294" /></testsuite></testsuites>