<?xml version="1.0" encoding="utf-8"?><testsuites name="pytest tests"><testsuite name="pytest" errors="0" failures="0" skipped="0" tests="21" time="6.910" timestamp="2026-01-11T10:35:38.854407+00:00" hostname="agent-env-aeb16959-528d-4eb2-8ec6-c25b8bd484d0"><testcase classname="tests.test_clinical_registers.TestVetAuthentication" name="test_vet_login_success" time="0.301" /><testcase classname="tests.test_clinical_registers.TestSurgicalRegister" name="test_get_surgical_cases_list" time="0.340" /><testcase classname="tests.test_clinical_registers.TestSurgicalRegister" name="test_create_surgical_case" time="0.329" /><testcase classname="tests.test_clinical_registers.TestSurgicalRegister" name="test_get_surgical_case_by_id" time="0.366" /><testcase classname="tests.test_clinical_registers.TestSurgicalRegister" name="test_filter_surgical_by_species" time="0.295" /><testcase classname="tests.test_clinical_registers.TestSurgicalRegister" name="test_filter_surgical_by_outcome" time="0.298" /><testcase classname="tests.test_clinical_registers.TestGynaecologyRegister" name="test_get_gynaecology_cases_list" time="0.291" /><testcase classname="tests.test_clinical_registers.TestGynaecologyRegister" name="test_create_gynaecology_case" time="0.335" /><testcase classname="tests.test_clinical_registers.TestGynaecologyRegister" name="test_get_gynaecology_case_by_id" time="0.376" /><testcase classname="tests.test_clinical_registers.TestGynaecologyRegister" name="test_filter_gynaecology_by_condition" time="0.295" /><testcase classname="tests.test_clinical_registers.TestCastrationRegister" name="test_get_castration_cases_list" time="0.291" /><testcase classname="tests.test_clinical_registers.TestCastrationRegister" name="test_create_castration_case" time="0.292" /><testcase classname="tests.test_clinical_registers.TestCastrationRegister" name="test_get_castration_case_by_id" time="0.333" /><testcase classname="tests.test_clinical_registers.TestCastrationRegister" name="test_filter_castration_by_method" time="0.300" /><testcase classname="tests.test_clinical_registers.TestGVAModule" name="test_get_gva_reports_list" time="0.293" /><testcase classname="tests.test_clinical_registers.TestGVAModule" name="test_calculate_gva" time="0.305" /><testcase classname="tests.test_clinical_registers.TestGVAModule" name="test_get_gva_report_by_id" time="0.344" /><testcase classname="tests.test_clinical_registers.TestGVAModule" name="test_download_gva_pdf" time="0.517" /><testcase classname="tests.test_clinical_registers.TestCaseNumberFormats" name="test_surgical_case_number_format" time="0.286" /><testcase classname="tests.test_clinical_registers.TestCaseNumberFormats" name="test_gynaecology_case_number_format" time="0.291" /><testcase classname="tests.test_clinical_registers.TestCaseNumberFormats" name="test_castration_case_number_format" time="0.290" /></testsuite></testsuites>