<?xml version="1.0" encoding="utf-8"?><testsuites name="pytest tests"><testsuite name="pytest" errors="0" failures="0" skipped="0" tests="26" time="1.724" timestamp="2026-01-12T16:18:55.424918+00:00" hostname="agent-env-7e5b5b9f-ba3e-46fe-8fb2-c7a130a9526c"><testcase classname="tests.test_vet_batch_a.TestVetAuth" name="test_vet_login_success" time="0.289" /><testcase classname="tests.test_vet_batch_a.TestVaccinationRegister" name="test_get_vaccination_records" time="0.294" /><testcase classname="tests.test_vet_batch_a.TestVaccinationRegister" name="test_create_vaccination_large_animal_cattle_fmd" time="0.038" /><testcase classname="tests.test_vet_batch_a.TestVaccinationRegister" name="test_create_vaccination_small_animal_poultry" time="0.037" /><testcase classname="tests.test_vet_batch_a.TestVaccinationRegister" name="test_filter_vaccination_by_animal_type" time="0.035" /><testcase classname="tests.test_vet_batch_a.TestVaccinationRegister" name="test_filter_vaccination_by_species" time="0.044" /><testcase classname="tests.test_vet_batch_a.TestDewormingRegister" name="test_get_deworming_records" time="0.034" /><testcase classname="tests.test_vet_batch_a.TestDewormingRegister" name="test_create_deworming_record" time="0.077" /><testcase classname="tests.test_vet_batch_a.TestDewormingRegister" name="test_create_deworming_with_epg_testing" time="0.036" /><testcase classname="tests.test_vet_batch_a.TestDewormingRegister" name="test_filter_deworming_by_species" time="0.040" /><testcase classname="tests.test_vet_batch_a.TestAIRegister" name="test_get_ai_records" time="0.040" /><testcase classname="tests.test_vet_batch_a.TestAIRegister" name="test_create_ai_record_all_required_fields" time="0.039" /><testcase classname="tests.test_vet_batch_a.TestAIRegister" name="test_get_ai_record_by_id" time="0.075" /><testcase classname="tests.test_vet_batch_a.TestAIRegister" name="test_update_ai_record_pd_result" time="0.110" /><testcase classname="tests.test_vet_batch_a.TestAIRegister" name="test_filter_ai_by_species" time="0.036" /><testcase classname="tests.test_vet_batch_a.TestAIRegister" name="test_filter_ai_by_pd_result" time="0.037" /><testcase classname="tests.test_vet_batch_a.TestCalfBirthRegister" name="test_get_calf_birth_records" time="0.031" /><testcase classname="tests.test_vet_batch_a.TestCalfBirthRegister" name="test_create_calf_birth_record" time="0.039" /><testcase classname="tests.test_vet_batch_a.TestCalfBirthRegister" name="test_create_calf_birth_twins" time="0.038" /><testcase classname="tests.test_vet_batch_a.TestCalfBirthRegister" name="test_filter_calf_birth_by_species" time="0.033" /><testcase classname="tests.test_vet_batch_a.TestCalfBirthRegister" name="test_filter_calf_birth_by_sex" time="0.040" /><testcase classname="tests.test_vet_batch_a.TestCaseNumberFormats" name="test_vaccination_large_case_number_format" time="0.036" /><testcase classname="tests.test_vet_batch_a.TestCaseNumberFormats" name="test_vaccination_small_case_number_format" time="0.037" /><testcase classname="tests.test_vet_batch_a.TestCaseNumberFormats" name="test_deworming_case_number_format" time="0.037" /><testcase classname="tests.test_vet_batch_a.TestCaseNumberFormats" name="test_ai_case_number_format" time="0.034" /><testcase classname="tests.test_vet_batch_a.TestCaseNumberFormats" name="test_calf_birth_case_number_format" time="0.036" /></testsuite></testsuites>